  timeTaggerODMeasurement.cpp
C:\Program Files (x86)\Windows Kits\10\Include\10.0.10240.0\ucrt\inttypes.h(111): warning C4005: 'PRId32': macro redefinition
  c:\users\ryd berg jnr\documents\github\timetaggerodmeasurement\include\SysTypes.h(93): note: see previous definition of 'PRId32'
C:\Program Files (x86)\Windows Kits\10\Include\10.0.10240.0\ucrt\inttypes.h(168): warning C4005: 'PRIu32': macro redefinition
  c:\users\ryd berg jnr\documents\github\timetaggerodmeasurement\include\SysTypes.h(94): note: see previous definition of 'PRIu32'
C:\Program Files (x86)\Windows Kits\10\Include\10.0.10240.0\ucrt\inttypes.h(206): warning C4005: 'PRIX32': macro redefinition
  c:\users\ryd berg jnr\documents\github\timetaggerodmeasurement\include\SysTypes.h(95): note: see previous definition of 'PRIX32'
C:\Program Files (x86)\Windows Kits\10\Include\10.0.10240.0\ucrt\inttypes.h(220): warning C4005: 'PRIXPTR': macro redefinition
  c:\users\ryd berg jnr\documents\github\timetaggerodmeasurement\include\SysTypes.h(100): note: see previous definition of 'PRIXPTR'
c:\program files (x86)\hdf_group\hdf5\1.10.0\include\H5Exception.h(93): warning C4251: 'H5::Exception::detail_message': class 'std::basic_string<char,std::char_traits<char>,std::allocator<char>>' needs to have dll-interface to be used by clients of class 'H5::Exception'
  C:\Program Files (x86)\Microsoft Visual Studio 14.0\VC\include\xstring(2628): note: see declaration of 'std::basic_string<char,std::char_traits<char>,std::allocator<char>>'
c:\program files (x86)\hdf_group\hdf5\1.10.0\include\H5Exception.h(94): warning C4251: 'H5::Exception::func_name': class 'std::basic_string<char,std::char_traits<char>,std::allocator<char>>' needs to have dll-interface to be used by clients of class 'H5::Exception'
  C:\Program Files (x86)\Microsoft Visual Studio 14.0\VC\include\xstring(2628): note: see declaration of 'std::basic_string<char,std::char_traits<char>,std::allocator<char>>'
timeTaggerODMeasurement.cpp(144): warning C4018: '<': signed/unsigned mismatch
  Generating code
  2 of 329 functions ( 0.6%) were compiled, the rest were copied from previous compilation.
    0 functions were new in current compilation
    15 functions had inline decision re-evaluated but remain unchanged
  Finished generating code
  timeTaggerODMeasurement.vcxproj -> C:\Users\Ryd Berg Jnr\Documents\GitHub\timeTaggerODMeasurement\Release\timeTaggerODMeasurement.exe
